Using pre-set license
Built from '2021.3/staging' branch; Version is '2021.3.23f1 (213b516bf396) revision 2177873'; Using compiler version '192829333'; Build Type 'Release'
OS: 'Windows 10  (10.0.19045) 64bit Professional' Language: 'en' Physical Memory: 16316 MB
BatchMode: 1, IsHumanControllingUs: 0, StartBugReporterOnCrash: 0, Is64bit: 1, IsPro: 1

COMMAND LINE ARGUMENTS:
C:\Program Files\Unity\Hub\Editor\2021.3.23f1\Editor\Unity.exe
-adb2
-batchMode
-noUpm
-name
AssetImportWorker0
-projectPath
D:/Git Clones/simulador-de-neutralizacion-de-acidos
-logFile
Logs/AssetImportWorker0.log
-srvPort
51316
Successfully changed project path to: D:/Git Clones/simulador-de-neutralizacion-de-acidos
D:/Git Clones/simulador-de-neutralizacion-de-acidos
[UnityMemory] Configuration Parameters - Can be set up in boot.config
    "memorysetup-bucket-allocator-granularity=16"
    "memorysetup-bucket-allocator-bucket-count=8"
    "memorysetup-bucket-allocator-block-size=33554432"
    "memorysetup-bucket-allocator-block-count=8"
    "memorysetup-main-allocator-block-size=16777216"
    "memorysetup-thread-allocator-block-size=16777216"
    "memorysetup-gfx-main-allocator-block-size=16777216"
    "memorysetup-gfx-thread-allocator-block-size=16777216"
    "memorysetup-cache-allocator-block-size=4194304"
    "memorysetup-typetree-allocator-block-size=2097152"
    "memorysetup-profiler-bucket-allocator-granularity=16"
    "memorysetup-profiler-bucket-allocator-bucket-count=8"
    "memorysetup-profiler-bucket-allocator-block-size=33554432"
    "memorysetup-profiler-bucket-allocator-block-count=8"
    "memorysetup-profiler-allocator-block-size=16777216"
    "memorysetup-profiler-editor-allocator-block-size=1048576"
    "memorysetup-temp-allocator-size-main=16777216"
    "memorysetup-job-temp-allocator-block-size=2097152"
    "memorysetup-job-temp-allocator-block-size-background=1048576"
    "memorysetup-job-temp-allocator-reduction-small-platforms=262144"
    "memorysetup-temp-allocator-size-background-worker=32768"
    "memorysetup-temp-allocator-size-job-worker=262144"
    "memorysetup-temp-allocator-size-preload-manager=33554432"
    "memorysetup-temp-allocator-size-nav-mesh-worker=65536"
    "memorysetup-temp-allocator-size-audio-worker=65536"
    "memorysetup-temp-allocator-size-cloud-worker=32768"
    "memorysetup-temp-allocator-size-gi-baking-worker=262144"
    "memorysetup-temp-allocator-size-gfx=262144"
Player connection [12188] Host "[IP] 192.168.86.34 [Port] 0 [Flags] 2 [Guid] 2329246816 [EditorId] 2329246816 [Version] 1048832 [Id] WindowsEditor(7,Beto11) [Debug] 1 [PackageName] WindowsEditor [ProjectName] Editor" joined multi-casting on [225.0.0.222:54997]...

Player connection [12188] Host "[IP] 192.168.86.34 [Port] 0 [Flags] 2 [Guid] 2329246816 [EditorId] 2329246816 [Version] 1048832 [Id] WindowsEditor(7,Beto11) [Debug] 1 [PackageName] WindowsEditor [ProjectName] Editor" joined alternative multi-casting on [225.0.0.222:34997]...

Refreshing native plugins compatible for Editor in 24.24 ms, found 2 plugins.
Preloading 0 native plugins for Editor in 0.00 ms.
Initialize engine version: 2021.3.23f1 (213b516bf396)
[Subsystems] Discovering subsystems at path C:/Program Files/Unity/Hub/Editor/2021.3.23f1/Editor/Data/Resources/UnitySubsystems
[Subsystems] Discovering subsystems at path D:/Git Clones/simulador-de-neutralizacion-de-acidos/Assets
GfxDevice: creating device client; threaded=0; jobified=0
Direct3D:
    Version:  Direct3D 11.0 [level 11.1]
    Renderer: NVIDIA GeForce RTX 3060 (ID=0x2487)
    Vendor:   NVIDIA
    VRAM:     12124 MB
    Driver:   31.0.15.3203
Initialize mono
Mono path[0] = 'C:/Program Files/Unity/Hub/Editor/2021.3.23f1/Editor/Data/Managed'
Mono path[1] = 'C:/Program Files/Unity/Hub/Editor/2021.3.23f1/Editor/Data/MonoBleedingEdge/lib/mono/unityjit-win32'
Mono config path = 'C:/Program Files/Unity/Hub/Editor/2021.3.23f1/Editor/Data/MonoBleedingEdge/etc'
Using monoOptions --debugger-agent=transport=dt_socket,embedding=1,server=y,suspend=n,address=127.0.0.1:56012
Begin MonoManager ReloadAssembly
Registering precompiled unity dll's ...
Register platform support module: C:/Program Files/Unity/Hub/Editor/2021.3.23f1/Editor/Data/PlaybackEngines/WindowsStandaloneSupport/UnityEditor.WindowsStandalone.Extensions.dll
Registered in 0.006486 seconds.
Native extension for WindowsStandalone target not found
Refreshing native plugins compatible for Editor in 20.89 ms, found 2 plugins.
Preloading 0 native plugins for Editor in 0.00 ms.
Mono: successfully reloaded assembly
- Completed reload, in  0.548 seconds
Domain Reload Profiling:
	ReloadAssembly (548ms)
		BeginReloadAssembly (86ms)
			ExecutionOrderSort (0ms)
			DisableScriptedObjects (0ms)
			BackupInstance (0ms)
			ReleaseScriptingObjects (0ms)
			CreateAndSetChildDomain (1ms)
		EndReloadAssembly (362ms)
			LoadAssemblies (84ms)
			RebuildTransferFunctionScriptingTraits (0ms)
			SetupTypeCache (99ms)
			ReleaseScriptCaches (0ms)
			RebuildScriptCaches (27ms)
			SetupLoadedEditorAssemblies (190ms)
				LogAssemblyErrors (0ms)
				InitializePlatformSupportModulesInManaged (8ms)
				SetLoadedEditorAssemblies (0ms)
				RefreshPlugins (21ms)
				BeforeProcessingInitializeOnLoad (1ms)
				ProcessInitializeOnLoadAttributes (113ms)
				ProcessInitializeOnLoadMethodAttributes (47ms)
				AfterProcessingInitializeOnLoad (0ms)
				EditorAssembliesLoaded (0ms)
			ExecutionOrderSort2 (0ms)
			AwakeInstancesAfterBackupRestoration (0ms)
Platform modules already initialized, skipping
Registering precompiled user dll's ...
Registered in 0.001935 seconds.
Begin MonoManager ReloadAssembly
Native extension for WindowsStandalone target not found
Refreshing native plugins compatible for Editor in 0.26 ms, found 2 plugins.
Preloading 0 native plugins for Editor in 0.00 ms.
Mono: successfully reloaded assembly
- Completed reload, in  0.846 seconds
Domain Reload Profiling:
	ReloadAssembly (847ms)
		BeginReloadAssembly (118ms)
			ExecutionOrderSort (0ms)
			DisableScriptedObjects (5ms)
			BackupInstance (0ms)
			ReleaseScriptingObjects (0ms)
			CreateAndSetChildDomain (18ms)
		EndReloadAssembly (620ms)
			LoadAssemblies (83ms)
			RebuildTransferFunctionScriptingTraits (0ms)
			SetupTypeCache (198ms)
			ReleaseScriptCaches (0ms)
			RebuildScriptCaches (39ms)
			SetupLoadedEditorAssemblies (277ms)
				LogAssemblyErrors (0ms)
				InitializePlatformSupportModulesInManaged (6ms)
				SetLoadedEditorAssemblies (0ms)
				RefreshPlugins (0ms)
				BeforeProcessingInitializeOnLoad (56ms)
				ProcessInitializeOnLoadAttributes (187ms)
				ProcessInitializeOnLoadMethodAttributes (18ms)
				AfterProcessingInitializeOnLoad (9ms)
				EditorAssembliesLoaded (0ms)
			ExecutionOrderSort2 (0ms)
			AwakeInstancesAfterBackupRestoration (6ms)
Platform modules already initialized, skipping
========================================================================
Worker process is ready to serve import requests
Launched and connected shader compiler UnityShaderCompiler.exe after 0.04 seconds
Refreshing native plugins compatible for Editor in 0.44 ms, found 2 plugins.
Preloading 0 native plugins for Editor in 0.00 ms.
Unloading 1356 Unused Serialized files (Serialized files now loaded: 0)
Unloading 16 unused Assets / (56.3 KB). Loaded Objects now: 1825.
Memory consumption went from 64.4 MB to 64.3 MB.
Total: 2.469600 ms (FindLiveObjects: 0.209700 ms CreateObjectMapping: 0.078300 ms MarkObjects: 2.117900 ms  DeleteObjects: 0.062600 ms)

AssetImportParameters requested are different than current active one (requested -> active):
  custom:video-decoder-ogg-theora: a1e56fd34408186e4bbccfd4996cb3dc -> 
  custom:container-muxer-webm: aa71ff27fc2769a1b78a27578f13a17b -> 
  custom:container-demuxer-webm: 4f35f7cbe854078d1ac9338744f61a02 -> 
  custom:video-encoder-webm-vp8: eb34c28f22e8b96e1ab97ce403110664 -> 
  custom:audio-encoder-webm-vorbis: bf7c407c2cedff20999df2af8eb42d56 -> 
  custom:framework-win-MediaFoundation: 216162199b28c13a410421893ffa2e32 -> 
  custom:container-demuxer-ogg: 62fdf1f143b41e24485cea50d1cbac27 -> 
  custom:video-decoder-webm-vp8: 9c59270c3fd7afecdb556c50c9e8de78 -> 
  custom:audio-decoder-ogg-vorbis: bf7c407c2cedff20999df2af8eb42d56 -> 
========================================================================
Received Import Request.
  Time since last request: 3823.875308 seconds.
  path: Assets/Scenes/Kits.unity
  artifactKey: Guid(a78791984b14e3b4186d5b3ba4183e32) Importer(815301076,1909f56bfc062723c751e8b465ee728b)
Start importing Assets/Scenes/Kits.unity using Guid(a78791984b14e3b4186d5b3ba4183e32) Importer(815301076,1909f56bfc062723c751e8b465ee728b)  -> (artifact id: '1494f642a8af2abe2d9da01f1f4a42fc') in 0.007593 seconds 
========================================================================
Received Import Request.
  Time since last request: 63.254970 seconds.
  path: Assets/Sprites/20ml.png
  artifactKey: Guid(c55b9c55b7158034fb046b97937d2287) Importer(815301076,1909f56bfc062723c751e8b465ee728b)
Start importing Assets/Sprites/20ml.png using Guid(c55b9c55b7158034fb046b97937d2287) Importer(815301076,1909f56bfc062723c751e8b465ee728b)  -> (artifact id: '6b42a63644d1ddda7b1ddb83f33a9b98') in 0.145921 seconds 
========================================================================
Received Import Request.
  Time since last request: 0.000029 seconds.
  path: Assets/Sprites/60ml.png
  artifactKey: Guid(bce1686326668844bab4759adef7b669) Importer(815301076,1909f56bfc062723c751e8b465ee728b)
Start importing Assets/Sprites/60ml.png using Guid(bce1686326668844bab4759adef7b669) Importer(815301076,1909f56bfc062723c751e8b465ee728b)  -> (artifact id: '8e1984df4d7a011cd7ad9c9dfd12acab') in 0.016030 seconds 
========================================================================
Received Import Request.
  Time since last request: 0.000026 seconds.
  path: Assets/Sprites/matrazfull.png
  artifactKey: Guid(c926b625f05ecca46bd4d290fa443e48) Importer(815301076,1909f56bfc062723c751e8b465ee728b)
Start importing Assets/Sprites/matrazfull.png using Guid(c926b625f05ecca46bd4d290fa443e48) Importer(815301076,1909f56bfc062723c751e8b465ee728b)  -> (artifact id: '508fdb28947de598bdab368322eb2e3e') in 0.162111 seconds 
========================================================================
Received Import Request.
  Time since last request: 0.000017 seconds.
  path: Assets/Sprites/ring stand.png
  artifactKey: Guid(b8453aad683e1ad43be7675222d1e745) Importer(815301076,1909f56bfc062723c751e8b465ee728b)
Start importing Assets/Sprites/ring stand.png using Guid(b8453aad683e1ad43be7675222d1e745) Importer(815301076,1909f56bfc062723c751e8b465ee728b)  -> (artifact id: '1ee259a97b59d65008847df306e98380') in 0.028779 seconds 
========================================================================
Received Import Request.
  Time since last request: 0.000015 seconds.
  path: Assets/Sprites/Property 1=Defaultcheck1.png
  artifactKey: Guid(b2a411a8b767e944496df8001bf892b7) Importer(815301076,1909f56bfc062723c751e8b465ee728b)
Start importing Assets/Sprites/Property 1=Defaultcheck1.png using Guid(b2a411a8b767e944496df8001bf892b7) Importer(815301076,1909f56bfc062723c751e8b465ee728b)  -> (artifact id: '7674f227660f4d3877ff3f09ed4f0cd4') in 0.015623 seconds 
========================================================================
Received Import Request.
  Time since last request: 0.000023 seconds.
  path: Assets/Sprites/bureta 1.png
  artifactKey: Guid(e5d81ccf3ec256646b926b4ea529e894) Importer(815301076,1909f56bfc062723c751e8b465ee728b)
Start importing Assets/Sprites/bureta 1.png using Guid(e5d81ccf3ec256646b926b4ea529e894) Importer(815301076,1909f56bfc062723c751e8b465ee728b)  -> (artifact id: '8d5490d7b037b8881b3c1cb8122afd23') in 0.030350 seconds 
========================================================================
Received Import Request.
  Time since last request: 0.000034 seconds.
  path: Assets/Sprites/RoundedRectange.png
  artifactKey: Guid(5b255bd99f6ef3f439b9992e706ed7fc) Importer(815301076,1909f56bfc062723c751e8b465ee728b)
Start importing Assets/Sprites/RoundedRectange.png using Guid(5b255bd99f6ef3f439b9992e706ed7fc) Importer(815301076,1909f56bfc062723c751e8b465ee728b)  -> (artifact id: '6d73bee323041bc58fb40ad7b6843705') in 0.014356 seconds 
========================================================================
Received Import Request.
  Time since last request: 0.000015 seconds.
  path: Assets/Sprites/grad cylinder.png
  artifactKey: Guid(8da7807b67e398d4084797787031cb72) Importer(815301076,1909f56bfc062723c751e8b465ee728b)
Start importing Assets/Sprites/grad cylinder.png using Guid(8da7807b67e398d4084797787031cb72) Importer(815301076,1909f56bfc062723c751e8b465ee728b)  -> (artifact id: '65407d4c7601cb75d54752cace5ca977') in 0.010879 seconds 
========================================================================
Received Import Request.
  Time since last request: 0.000019 seconds.
  path: Assets/Sprites/wash bottle.png
  artifactKey: Guid(7daa0c067fb476147b70c53f534a7a55) Importer(815301076,1909f56bfc062723c751e8b465ee728b)
Start importing Assets/Sprites/wash bottle.png using Guid(7daa0c067fb476147b70c53f534a7a55) Importer(815301076,1909f56bfc062723c751e8b465ee728b)  -> (artifact id: '4cac08dc03f6c830f01a1b854d097267') in 0.012627 seconds 
========================================================================
Received Import Request.
  Time since last request: 1.039303 seconds.
  path: Assets/Sprites/botones/Property 1=DefaultAcidquantity.png
  artifactKey: Guid(0f4fa404c4751ed45b8c0e53f6286ce9) Importer(815301076,1909f56bfc062723c751e8b465ee728b)
Start importing Assets/Sprites/botones/Property 1=DefaultAcidquantity.png using Guid(0f4fa404c4751ed45b8c0e53f6286ce9) Importer(815301076,1909f56bfc062723c751e8b465ee728b)  -> (artifact id: 'f5fb2a9d999b99d17128c7db848d1110') in 0.018686 seconds 
========================================================================
Received Import Request.
  Time since last request: 0.000018 seconds.
  path: Assets/Sprites/botones/Property 1=Defaultreset2.png
  artifactKey: Guid(d90d41a7afc63b9408513e71a15b8eaf) Importer(815301076,1909f56bfc062723c751e8b465ee728b)
Start importing Assets/Sprites/botones/Property 1=Defaultreset2.png using Guid(d90d41a7afc63b9408513e71a15b8eaf) Importer(815301076,1909f56bfc062723c751e8b465ee728b)  -> (artifact id: 'c092d2fe43272e064173558b866cd98a') in 0.010245 seconds 
========================================================================
Received Import Request.
  Time since last request: 0.000015 seconds.
  path: Assets/Sprites/botones/Property 1=Defaultreset1.png
  artifactKey: Guid(0b2c52a5a4d65874ca70b3d79cc8bb4a) Importer(815301076,1909f56bfc062723c751e8b465ee728b)
Start importing Assets/Sprites/botones/Property 1=Defaultreset1.png using Guid(0b2c52a5a4d65874ca70b3d79cc8bb4a) Importer(815301076,1909f56bfc062723c751e8b465ee728b)  -> (artifact id: 'aea945eec081333be0d40eaa663505d2') in 0.009130 seconds 
========================================================================
Received Prepare
Registering precompiled user dll's ...
Registered in 0.001906 seconds.
Begin MonoManager ReloadAssembly
Native extension for WindowsStandalone target not found
Refreshing native plugins compatible for Editor in 0.25 ms, found 2 plugins.
Preloading 0 native plugins for Editor in 0.00 ms.
Mono: successfully reloaded assembly
- Completed reload, in  0.878 seconds
Domain Reload Profiling:
	ReloadAssembly (879ms)
		BeginReloadAssembly (146ms)
			ExecutionOrderSort (0ms)
			DisableScriptedObjects (5ms)
			BackupInstance (0ms)
			ReleaseScriptingObjects (0ms)
			CreateAndSetChildDomain (30ms)
		EndReloadAssembly (622ms)
			LoadAssemblies (94ms)
			RebuildTransferFunctionScriptingTraits (0ms)
			SetupTypeCache (201ms)
			ReleaseScriptCaches (1ms)
			RebuildScriptCaches (33ms)
			SetupLoadedEditorAssemblies (282ms)
				LogAssemblyErrors (0ms)
				InitializePlatformSupportModulesInManaged (6ms)
				SetLoadedEditorAssemblies (0ms)
				RefreshPlugins (0ms)
				BeforeProcessingInitializeOnLoad (49ms)
				ProcessInitializeOnLoadAttributes (191ms)
				ProcessInitializeOnLoadMethodAttributes (25ms)
				AfterProcessingInitializeOnLoad (9ms)
				EditorAssembliesLoaded (0ms)
			ExecutionOrderSort2 (0ms)
			AwakeInstancesAfterBackupRestoration (6ms)
Platform modules already initialized, skipping
Refreshing native plugins compatible for Editor in 0.85 ms, found 2 plugins.
Preloading 0 native plugins for Editor in 0.00 ms.
Unloading 1337 Unused Serialized files (Serialized files now loaded: 0)
Unloading 9 unused Assets / (24.6 KB). Loaded Objects now: 1842.
Memory consumption went from 66.6 MB to 66.6 MB.
Total: 1.999400 ms (FindLiveObjects: 0.120900 ms CreateObjectMapping: 0.042800 ms MarkObjects: 1.817100 ms  DeleteObjects: 0.017900 ms)

AssetImportParameters requested are different than current active one (requested -> active):
  custom:video-decoder-ogg-theora: a1e56fd34408186e4bbccfd4996cb3dc -> 
  custom:container-muxer-webm: aa71ff27fc2769a1b78a27578f13a17b -> 
  custom:container-demuxer-webm: 4f35f7cbe854078d1ac9338744f61a02 -> 
  custom:video-encoder-webm-vp8: eb34c28f22e8b96e1ab97ce403110664 -> 
  custom:audio-encoder-webm-vorbis: bf7c407c2cedff20999df2af8eb42d56 -> 
  custom:framework-win-MediaFoundation: 216162199b28c13a410421893ffa2e32 -> 
  custom:container-demuxer-ogg: 62fdf1f143b41e24485cea50d1cbac27 -> 
  custom:video-decoder-webm-vp8: 9c59270c3fd7afecdb556c50c9e8de78 -> 
  custom:audio-decoder-ogg-vorbis: bf7c407c2cedff20999df2af8eb42d56 -> 
Editor requested this worker to shutdown with reason: Scaling down because of idle timeout
AssetImportWorker is now disconnected from the server
Process exiting
Exiting without the bug reporter. Application will terminate with return code 0